2024-11-08 12:45:27,878 - WARNING - mo_config.py:124 - Reducing optimization level to 0 (the accuracy won't be optimized and compression won't be used) because there's less data than the recommended amount (1024), and there's no available GPU
2024-11-08 12:45:27,879 - INFO - mo_script_parser.py:71 - Model received quantization params from the hn
2024-11-08 12:45:28,199 - INFO - algorithm_base.py:117 - Starting Mixed Precision
2024-11-08 12:45:28,213 - INFO - algorithm_base.py:126 - Mixed Precision is done (completion time is 00:00:00.01)
2024-11-08 12:45:28,259 - INFO - algorithm_base.py:113 - create_layer_norm skipped
2024-11-08 12:45:28,261 - INFO - algorithm_base.py:117 - Starting Stats Collector
2024-11-08 12:45:28,263 - INFO - stats_collection.py:62 - Using dataset with 64 entries for calibration
2024-11-08 12:45:36,885 - INFO - algorithm_base.py:126 - Stats Collector is done (completion time is 00:00:08.62)
2024-11-08 12:45:37,817 - INFO - algorithm_base.py:113 - Bias Correction skipped
2024-11-08 12:45:37,819 - INFO - algorithm_base.py:113 - Adaround skipped
2024-11-08 12:45:37,821 - INFO - algorithm_base.py:113 - Fine Tune skipped
2024-11-08 12:45:37,860 - INFO - algorithm_base.py:113 - Layer Noise Analysis skipped
2024-11-08 12:45:37,861 - INFO - quant_checker.py:110 - Runtime input quantization on host will be required.
Adding normalization on chip could improve the performance, by making the quantization redundant.
For more information, see Hailo Dataflow Compiler user guide / Model Optimization / Optimization Related Model Script Commands / model_modification_commands / normalization
2024-11-08 12:45:37,861 - INFO - quant_checker.py:134 - 	yolo11n-pose/input_layer1:
	Current range, per feature:	[(0.0, 0.0), (0.0, 0.0), (0.0, 0.0)]
	Expected range (for all features):	(0, 255)
2024-11-08 14:50:42,276 - WARNING - mo_config.py:124 - Reducing optimization level to 0 (the accuracy won't be optimized and compression won't be used) because there's less data than the recommended amount (1024), and there's no available GPU
2024-11-08 14:50:42,277 - INFO - mo_script_parser.py:71 - Model received quantization params from the hn
2024-11-08 14:50:43,712 - INFO - algorithm_base.py:117 - Starting Mixed Precision
2024-11-08 14:50:43,796 - INFO - algorithm_base.py:126 - Mixed Precision is done (completion time is 00:00:00.08)
2024-11-08 14:50:43,997 - INFO - algorithm_base.py:113 - create_layer_norm skipped
2024-11-08 14:50:44,004 - INFO - algorithm_base.py:117 - Starting Stats Collector
2024-11-08 14:50:44,007 - INFO - stats_collection.py:62 - Using dataset with 64 entries for calibration
2024-11-08 14:51:25,507 - INFO - algorithm_base.py:126 - Stats Collector is done (completion time is 00:00:41.50)
2024-11-08 14:51:31,054 - INFO - algorithm_base.py:113 - Bias Correction skipped
2024-11-08 14:51:31,067 - INFO - algorithm_base.py:113 - Adaround skipped
2024-11-08 14:51:31,075 - INFO - algorithm_base.py:113 - Fine Tune skipped
2024-11-08 14:51:31,165 - INFO - algorithm_base.py:113 - Layer Noise Analysis skipped
2024-11-08 14:51:31,167 - INFO - quant_checker.py:110 - Runtime input quantization on host will be required.
Adding normalization on chip could improve the performance, by making the quantization redundant.
For more information, see Hailo Dataflow Compiler user guide / Model Optimization / Optimization Related Model Script Commands / model_modification_commands / normalization
2024-11-08 14:51:31,167 - INFO - quant_checker.py:134 - 	yolov8n-pose/input_layer1:
	Current range, per feature:	[(0.0, 0.0), (0.0, 0.0), (0.0, 0.0)]
	Expected range (for all features):	(0, 255)
2024-11-08 14:55:11,553 - WARNING - mo_config.py:124 - Reducing optimization level to 0 (the accuracy won't be optimized and compression won't be used) because there's less data than the recommended amount (1024), and there's no available GPU
2024-11-08 14:55:11,554 - INFO - mo_script_parser.py:71 - Model received quantization params from the hn
2024-11-08 14:55:12,970 - INFO - algorithm_base.py:117 - Starting Mixed Precision
2024-11-08 14:55:13,055 - INFO - algorithm_base.py:126 - Mixed Precision is done (completion time is 00:00:00.09)
2024-11-08 14:55:13,254 - INFO - algorithm_base.py:113 - create_layer_norm skipped
2024-11-08 14:55:13,261 - INFO - algorithm_base.py:117 - Starting Stats Collector
2024-11-08 14:55:13,263 - INFO - stats_collection.py:62 - Using dataset with 64 entries for calibration
2024-11-08 14:55:54,869 - INFO - algorithm_base.py:126 - Stats Collector is done (completion time is 00:00:41.61)
2024-11-08 14:56:00,450 - INFO - algorithm_base.py:113 - Bias Correction skipped
2024-11-08 14:56:00,463 - INFO - algorithm_base.py:113 - Adaround skipped
2024-11-08 14:56:00,468 - INFO - algorithm_base.py:113 - Fine Tune skipped
2024-11-08 14:56:00,549 - INFO - algorithm_base.py:113 - Layer Noise Analysis skipped
2024-11-08 14:56:00,550 - INFO - quant_checker.py:110 - Runtime input quantization on host will be required.
Adding normalization on chip could improve the performance, by making the quantization redundant.
For more information, see Hailo Dataflow Compiler user guide / Model Optimization / Optimization Related Model Script Commands / model_modification_commands / normalization
2024-11-08 14:56:00,550 - INFO - quant_checker.py:134 - 	yolov8n-pose/input_layer1:
	Current range, per feature:	[(0.0, 0.0), (0.0, 0.0), (0.0, 0.0)]
	Expected range (for all features):	(0, 255)
2024-11-08 15:03:25,784 - WARNING - mo_config.py:124 - Reducing optimization level to 0 (the accuracy won't be optimized and compression won't be used) because there's less data than the recommended amount (1024), and there's no available GPU
2024-11-08 15:03:25,785 - INFO - mo_script_parser.py:71 - Model received quantization params from the hn
2024-11-08 15:03:27,214 - INFO - algorithm_base.py:117 - Starting Mixed Precision
2024-11-08 15:03:27,299 - INFO - algorithm_base.py:126 - Mixed Precision is done (completion time is 00:00:00.08)
2024-11-08 15:03:27,506 - INFO - algorithm_base.py:113 - create_layer_norm skipped
2024-11-08 15:03:27,512 - INFO - algorithm_base.py:117 - Starting Stats Collector
2024-11-08 15:03:27,517 - INFO - stats_collection.py:62 - Using dataset with 64 entries for calibration
2024-11-08 15:03:59,240 - WARNING - mo_config.py:124 - Reducing optimization level to 0 (the accuracy won't be optimized and compression won't be used) because there's less data than the recommended amount (1024), and there's no available GPU
2024-11-08 15:03:59,241 - INFO - mo_script_parser.py:71 - Model received quantization params from the hn
2024-11-08 15:04:01,049 - INFO - algorithm_base.py:117 - Starting Mixed Precision
2024-11-08 15:04:01,153 - INFO - algorithm_base.py:126 - Mixed Precision is done (completion time is 00:00:00.10)
2024-11-08 15:04:01,432 - INFO - algorithm_base.py:113 - create_layer_norm skipped
2024-11-08 15:04:01,440 - INFO - algorithm_base.py:117 - Starting Stats Collector
2024-11-08 15:04:01,442 - INFO - stats_collection.py:62 - Using dataset with 64 entries for calibration
2024-11-08 15:05:14,341 - INFO - algorithm_base.py:126 - Stats Collector is done (completion time is 00:01:12.90)
2024-11-08 15:05:21,953 - INFO - algorithm_base.py:113 - Bias Correction skipped
2024-11-08 15:05:21,966 - INFO - algorithm_base.py:113 - Adaround skipped
2024-11-08 15:05:21,973 - INFO - algorithm_base.py:113 - Fine Tune skipped
2024-11-08 15:05:22,081 - INFO - algorithm_base.py:113 - Layer Noise Analysis skipped
2024-11-08 15:05:22,082 - INFO - quant_checker.py:110 - Runtime input quantization on host will be required.
Adding normalization on chip could improve the performance, by making the quantization redundant.
For more information, see Hailo Dataflow Compiler user guide / Model Optimization / Optimization Related Model Script Commands / model_modification_commands / normalization
2024-11-08 15:05:22,083 - INFO - quant_checker.py:134 - 	yolov8m-pose/input_layer1:
	Current range, per feature:	[(0.0, 0.0), (0.0, 0.0), (0.0, 0.0)]
	Expected range (for all features):	(0, 255)
2024-11-08 15:18:37,587 - WARNING - mo_config.py:124 - Reducing optimization level to 0 (the accuracy won't be optimized and compression won't be used) because there's less data than the recommended amount (1024), and there's no available GPU
2024-11-08 15:18:37,588 - INFO - mo_script_parser.py:71 - Model received quantization params from the hn
2024-11-08 15:18:38,673 - INFO - algorithm_base.py:117 - Starting Mixed Precision
2024-11-08 15:18:38,738 - INFO - algorithm_base.py:126 - Mixed Precision is done (completion time is 00:00:00.07)
2024-11-08 15:18:38,911 - INFO - algorithm_base.py:113 - create_layer_norm skipped
2024-11-08 15:18:38,917 - INFO - algorithm_base.py:117 - Starting Stats Collector
2024-11-08 15:18:38,919 - INFO - stats_collection.py:62 - Using dataset with 64 entries for calibration
2024-11-08 15:19:26,549 - INFO - algorithm_base.py:126 - Stats Collector is done (completion time is 00:00:47.63)
2024-11-08 15:19:31,227 - INFO - algorithm_base.py:113 - Bias Correction skipped
2024-11-08 15:19:31,235 - INFO - algorithm_base.py:113 - Adaround skipped
2024-11-08 15:19:31,240 - INFO - algorithm_base.py:113 - Fine Tune skipped
2024-11-08 15:19:31,310 - INFO - algorithm_base.py:113 - Layer Noise Analysis skipped
2024-11-08 15:19:31,311 - INFO - quant_checker.py:110 - Runtime input quantization on host will be required.
Adding normalization on chip could improve the performance, by making the quantization redundant.
For more information, see Hailo Dataflow Compiler user guide / Model Optimization / Optimization Related Model Script Commands / model_modification_commands / normalization
2024-11-08 15:19:31,311 - INFO - quant_checker.py:134 - 	yolov8m-pose/input_layer1:
	Current range, per feature:	[(0.0, 0.0), (0.0, 0.0), (0.0, 0.0)]
	Expected range (for all features):	(0, 255)
2024-11-08 15:36:36,142 - WARNING - mo_config.py:124 - Reducing optimization level to 0 (the accuracy won't be optimized and compression won't be used) because there's less data than the recommended amount (1024), and there's no available GPU
2024-11-08 15:36:36,143 - INFO - mo_script_parser.py:71 - Model received quantization params from the hn
2024-11-08 15:36:37,920 - INFO - algorithm_base.py:117 - Starting Mixed Precision
2024-11-08 15:36:38,027 - INFO - algorithm_base.py:126 - Mixed Precision is done (completion time is 00:00:00.11)
2024-11-08 15:36:38,302 - INFO - algorithm_base.py:113 - create_layer_norm skipped
2024-11-08 15:36:38,310 - INFO - algorithm_base.py:117 - Starting Stats Collector
2024-11-08 15:36:38,312 - INFO - stats_collection.py:62 - Using dataset with 64 entries for calibration
2024-11-08 15:37:48,333 - INFO - algorithm_base.py:126 - Stats Collector is done (completion time is 00:01:10.02)
2024-11-08 15:37:55,566 - INFO - algorithm_base.py:113 - Bias Correction skipped
2024-11-08 15:37:55,581 - INFO - algorithm_base.py:113 - Adaround skipped
2024-11-08 15:37:55,587 - INFO - algorithm_base.py:113 - Fine Tune skipped
2024-11-08 15:37:55,678 - INFO - algorithm_base.py:113 - Layer Noise Analysis skipped
2024-11-08 15:37:55,679 - INFO - quant_checker.py:110 - Runtime input quantization on host will be required.
Adding normalization on chip could improve the performance, by making the quantization redundant.
For more information, see Hailo Dataflow Compiler user guide / Model Optimization / Optimization Related Model Script Commands / model_modification_commands / normalization
2024-11-08 15:37:55,680 - INFO - quant_checker.py:134 - 	yolov8m-pose/input_layer1:
	Current range, per feature:	[(0.0, 0.0), (0.0, 0.0), (0.0, 0.0)]
	Expected range (for all features):	(0, 255)
2024-11-08 15:42:43,032 - WARNING - mo_config.py:124 - Reducing optimization level to 0 (the accuracy won't be optimized and compression won't be used) because there's less data than the recommended amount (1024), and there's no available GPU
2024-11-08 15:42:43,033 - INFO - mo_script_parser.py:71 - Model received quantization params from the hn
2024-11-08 15:42:44,815 - INFO - algorithm_base.py:117 - Starting Mixed Precision
2024-11-08 15:42:44,921 - INFO - algorithm_base.py:126 - Mixed Precision is done (completion time is 00:00:00.11)
2024-11-08 15:42:45,193 - INFO - algorithm_base.py:113 - create_layer_norm skipped
2024-11-08 15:42:45,200 - INFO - algorithm_base.py:117 - Starting Stats Collector
2024-11-08 15:42:45,202 - INFO - stats_collection.py:62 - Using dataset with 64 entries for calibration
2024-11-08 15:43:57,553 - INFO - algorithm_base.py:126 - Stats Collector is done (completion time is 00:01:12.35)
2024-11-08 15:44:04,733 - INFO - algorithm_base.py:113 - Bias Correction skipped
2024-11-08 15:44:04,750 - INFO - algorithm_base.py:113 - Adaround skipped
2024-11-08 15:44:04,756 - INFO - algorithm_base.py:113 - Fine Tune skipped
2024-11-08 15:44:04,848 - INFO - algorithm_base.py:113 - Layer Noise Analysis skipped
2024-11-08 15:44:04,850 - INFO - quant_checker.py:110 - Runtime input quantization on host will be required.
Adding normalization on chip could improve the performance, by making the quantization redundant.
For more information, see Hailo Dataflow Compiler user guide / Model Optimization / Optimization Related Model Script Commands / model_modification_commands / normalization
2024-11-08 15:44:04,850 - INFO - quant_checker.py:134 - 	yolov8m-pose/input_layer1:
	Current range, per feature:	[(0.0, 0.0), (0.0, 0.0), (0.0, 0.0)]
	Expected range (for all features):	(0, 255)
2024-11-11 13:54:43,974 - WARNING - mo_config.py:124 - Reducing optimization level to 0 (the accuracy won't be optimized and compression won't be used) because there's less data than the recommended amount (1024), and there's no available GPU
2024-11-11 13:54:43,975 - INFO - mo_script_parser.py:71 - Model received quantization params from the hn
2024-11-11 13:54:45,364 - INFO - algorithm_base.py:117 - Starting Mixed Precision
2024-11-11 13:54:45,448 - INFO - algorithm_base.py:126 - Mixed Precision is done (completion time is 00:00:00.08)
2024-11-11 13:54:45,632 - INFO - algorithm_base.py:113 - create_layer_norm skipped
2024-11-11 13:54:45,638 - INFO - algorithm_base.py:117 - Starting Stats Collector
2024-11-11 13:54:45,640 - INFO - stats_collection.py:62 - Using dataset with 64 entries for calibration
2024-11-11 13:55:24,705 - INFO - algorithm_base.py:126 - Stats Collector is done (completion time is 00:00:39.07)
2024-11-11 13:55:29,849 - INFO - algorithm_base.py:113 - Bias Correction skipped
2024-11-11 13:55:29,860 - INFO - algorithm_base.py:113 - Adaround skipped
2024-11-11 13:55:29,866 - INFO - algorithm_base.py:113 - Fine Tune skipped
2024-11-11 13:55:29,945 - INFO - algorithm_base.py:113 - Layer Noise Analysis skipped
2024-11-11 13:55:29,946 - INFO - quant_checker.py:110 - Runtime input quantization on host will be required.
Adding normalization on chip could improve the performance, by making the quantization redundant.
For more information, see Hailo Dataflow Compiler user guide / Model Optimization / Optimization Related Model Script Commands / model_modification_commands / normalization
2024-11-11 13:55:29,947 - INFO - quant_checker.py:134 - 	yolov8n-pose/input_layer1:
	Current range, per feature:	[(0.0, 0.0), (0.0, 0.0), (0.0, 0.0)]
	Expected range (for all features):	(0, 255)
2024-11-11 17:40:58,285 - WARNING - mo_config.py:124 - Reducing optimization level to 0 (the accuracy won't be optimized and compression won't be used) because there's less data than the recommended amount (1024), and there's no available GPU
2024-11-11 17:40:58,286 - INFO - mo_script_parser.py:71 - Model received quantization params from the hn
2024-11-11 17:40:59,661 - INFO - algorithm_base.py:117 - Starting Mixed Precision
2024-11-11 17:40:59,746 - INFO - algorithm_base.py:126 - Mixed Precision is done (completion time is 00:00:00.09)
2024-11-11 17:40:59,930 - INFO - algorithm_base.py:113 - create_layer_norm skipped
2024-11-11 17:40:59,936 - INFO - algorithm_base.py:117 - Starting Stats Collector
2024-11-11 17:40:59,938 - INFO - stats_collection.py:62 - Using dataset with 64 entries for calibration
2024-11-11 17:41:38,473 - INFO - algorithm_base.py:126 - Stats Collector is done (completion time is 00:00:38.54)
2024-11-11 17:41:43,533 - INFO - algorithm_base.py:113 - Bias Correction skipped
2024-11-11 17:41:43,544 - INFO - algorithm_base.py:113 - Adaround skipped
2024-11-11 17:41:43,549 - INFO - algorithm_base.py:113 - Fine Tune skipped
2024-11-11 17:41:43,643 - INFO - algorithm_base.py:113 - Layer Noise Analysis skipped
2024-11-11 17:41:43,644 - INFO - quant_checker.py:110 - Runtime input quantization on host will be required.
Adding normalization on chip could improve the performance, by making the quantization redundant.
For more information, see Hailo Dataflow Compiler user guide / Model Optimization / Optimization Related Model Script Commands / model_modification_commands / normalization
2024-11-11 17:41:43,645 - INFO - quant_checker.py:134 - 	yolov8n-pose/input_layer1:
	Current range, per feature:	[(0.0, 0.0), (0.0, 0.0), (0.0, 0.0)]
	Expected range (for all features):	(0, 255)
