2024-11-08 12:45:26,164 - INFO - parser.py:96 - Translation started on ONNX model yolo11n-pose
2024-11-08 12:45:26,219 - INFO - parser.py:124 - Restored ONNX model yolo11n-pose (completion time: 00:00:00.06)
2024-11-08 12:45:26,254 - INFO - parser.py:147 - Extracted ONNXRuntime meta-data for Hailo model (completion time: 00:00:00.09)
2024-11-08 12:45:26,538 - WARNING - parser.py:235 - ONNX shape inference failed: [ONNXRuntimeError] : 2 : INVALID_ARGUMENT : Failed to load model with error: /onnxruntime_src/onnxruntime/core/graph/model.cc:147 onnxruntime::Model::Model(onnx::ModelProto&&, const PathString&, const IOnnxRuntimeOpSchemaRegistryList*, const onnxruntime::logging::Logger&, const onnxruntime::ModelOptions&) Unsupported model IR version: 9, max supported IR version: 8

2024-11-08 12:45:26,751 - INFO - parser.py:269 - Start nodes mapped from original model: 'images': 'yolo11n-pose/input_layer1'.
2024-11-08 12:45:26,751 - INFO - parser.py:270 - End nodes mapped from original model: '/model.4/Concat'.
2024-11-08 12:45:26,764 - INFO - translator.py:71 - Unable to export parsing report: output
2024-11-08 12:45:26,764 - INFO - parser.py:217 - Translation completed on ONNX model yolo11n-pose (completion time: 00:00:00.60)
2024-11-08 12:45:27,605 - IMPORTANT - sdk_backend.py:897 - Starting Model Optimization
2024-11-08 12:45:38,480 - IMPORTANT - sdk_backend.py:915 - Model Optimization is done
2024-11-08 12:45:57,953 - INFO - client_runner.py:1442 - Saved HAR to: /home/r300/Documents/Github/ITRI-AI-Hub/Model-Zoo/Keypoint-Detection/YOLOs/HailoRT/yolo11n-pose.har
2024-11-08 12:46:01,618 - INFO - main.py:32 - Current Time: 12:46:01, 11/08/24
2024-11-08 12:46:02,655 - INFO - main.py:36 - CPU: Architecture: x86_64, Model: Intel(R) Core(TM) i9-10900TE CPU @ 1.80GHz, Number Of Cores: 20, Utilization: 0.2%
2024-11-08 12:46:02,656 - INFO - main.py:38 - Memory: Total: 62GB, Available: 55GB
2024-11-08 12:46:02,656 - INFO - main.py:40 - System info: OS: Linux, Kernel: 5.15.0-124-generic
2024-11-08 12:46:02,657 - INFO - main.py:41 - Hailo DFC Version: 3.27.0
2024-11-08 12:46:02,658 - INFO - main.py:46 - HailoRT Version: 4.17.0
2024-11-08 12:46:02,702 - INFO - main.py:65 - PCIe: 03:00.0: Number Of Lanes: 1, Speed: 8.0 GT/s PCIe
2024-11-08 12:46:02,702 - INFO - main.py:73 - Running `hailo profiler yolo11n-pose.har`
2024-11-08 12:46:03,651 - INFO - client_runner.py:1103 - Running profile for yolo11n-pose in state compiled_model
2024-11-08 12:46:03,896 - INFO - estimator.py:1543 - 
Model Details
--------------------------------  ----------
Input Tensors Shapes              640x640x3
Operations per Input Tensor       1.29 GOPs
Operations per Input Tensor       0.65 GMACs
Pure Operations per Input Tensor  1.29 GOPs
Pure Operations per Input Tensor  0.65 GMACs
Model Parameters                  0.23 M
--------------------------------  ----------

Profiler Input Settings
-----------------  -----------------
Optimization Goal  Reach Highest FPS
Profiler Mode      Compiled
-----------------  -----------------

Performance Summary
----------------------  ---------------------
Number of Devices       1
Number of Contexts      1
Throughput              1716.89 FPS
Latency                 0.67 ms
Operations per Second   2223.29 GOP/s
MACs per Second         1123.07 GMAC/s
Total Input Bandwidth   1.96 Gigabytes/sec
Total Output Bandwidth  1005.99 Megabytes/sec
Context Switch Configs  N/A
----------------------  ---------------------
2024-11-08 12:46:04,320 - INFO - profiler.py:59 - Saved Profiler HTML Report to: /home/r300/Documents/Github/ITRI-AI-Hub/Model-Zoo/Keypoint-Detection/YOLOs/HailoRT/yolo11n-pose_compiled_model.html
2024-11-08 13:07:59,236 - INFO - parser.py:96 - Translation started on ONNX model yolo11n-pose
2024-11-08 13:07:59,287 - INFO - parser.py:124 - Restored ONNX model yolo11n-pose (completion time: 00:00:00.05)
2024-11-08 13:07:59,323 - INFO - parser.py:147 - Extracted ONNXRuntime meta-data for Hailo model (completion time: 00:00:00.09)
2024-11-08 13:07:59,689 - WARNING - parser.py:235 - ONNX shape inference failed: [ONNXRuntimeError] : 2 : INVALID_ARGUMENT : Failed to load model with error: /onnxruntime_src/onnxruntime/core/graph/model.cc:147 onnxruntime::Model::Model(onnx::ModelProto&&, const PathString&, const IOnnxRuntimeOpSchemaRegistryList*, const onnxruntime::logging::Logger&, const onnxruntime::ModelOptions&) Unsupported model IR version: 9, max supported IR version: 8

2024-11-08 13:08:00,062 - INFO - translator.py:71 - Unable to export parsing report: output
2024-11-08 13:08:00,068 - INFO - parser.py:194 - Unable to simplify the model: Parsing failed. The errors found in the graph are:
 UnsupportedShuffleLayerError in op /model.23/Reshape_6: Failed to determine type of layer to create in node /model.23/Reshape_6
 UnsupportedShuffleLayerError in op /model.23/dfl/Reshape: Failed to determine type of layer to create in node /model.23/dfl/Reshape
 UnsupportedShuffleLayerError in op /model.23/dfl/Transpose: Failed to determine type of layer to create in node /model.23/dfl/Transpose
 UnsupportedShuffleLayerError in op /model.23/Reshape_7: Failed to determine type of layer to create in node /model.23/Reshape_7
 UnsupportedShuffleLayerError in op /model.23/dfl/Reshape_1: Failed to determine type of layer to create in node /model.23/dfl/Reshape_1
 UnsupportedShuffleLayerError in op /model.10/m/m.0/attn/Reshape: Failed to determine type of layer to create in node /model.10/m/m.0/attn/Reshape
 UnsupportedFeatureSplitterLayerError in op /model.10/m/m.0/attn/Split: Feature splitter vertex /model.10/m/m.0/attn/Split is splitting input over unsupported axis 2
Please try to parse the model again, using these end node names: /model.10/cv1/act/Mul, /model.23/Concat_4
2024-11-08 13:09:26,540 - INFO - parser.py:96 - Translation started on ONNX model yolo11n-pose
2024-11-08 13:09:26,595 - INFO - parser.py:124 - Restored ONNX model yolo11n-pose (completion time: 00:00:00.06)
2024-11-08 13:09:26,631 - INFO - parser.py:147 - Extracted ONNXRuntime meta-data for Hailo model (completion time: 00:00:00.09)
2024-11-08 13:09:26,991 - WARNING - parser.py:235 - ONNX shape inference failed: [ONNXRuntimeError] : 2 : INVALID_ARGUMENT : Failed to load model with error: /onnxruntime_src/onnxruntime/core/graph/model.cc:147 onnxruntime::Model::Model(onnx::ModelProto&&, const PathString&, const IOnnxRuntimeOpSchemaRegistryList*, const onnxruntime::logging::Logger&, const onnxruntime::ModelOptions&) Unsupported model IR version: 9, max supported IR version: 8

2024-11-08 13:09:27,366 - INFO - translator.py:71 - Unable to export parsing report: output
2024-11-08 13:09:27,372 - INFO - parser.py:194 - Unable to simplify the model: Parsing failed. The errors found in the graph are:
 UnsupportedShuffleLayerError in op /model.23/Reshape_6: Failed to determine type of layer to create in node /model.23/Reshape_6
 UnsupportedShuffleLayerError in op /model.23/dfl/Reshape: Failed to determine type of layer to create in node /model.23/dfl/Reshape
 UnsupportedShuffleLayerError in op /model.23/dfl/Transpose: Failed to determine type of layer to create in node /model.23/dfl/Transpose
 UnsupportedShuffleLayerError in op /model.23/Reshape_7: Failed to determine type of layer to create in node /model.23/Reshape_7
 UnsupportedShuffleLayerError in op /model.23/dfl/Reshape_1: Failed to determine type of layer to create in node /model.23/dfl/Reshape_1
 UnsupportedShuffleLayerError in op /model.10/m/m.0/attn/Reshape: Failed to determine type of layer to create in node /model.10/m/m.0/attn/Reshape
 UnsupportedFeatureSplitterLayerError in op /model.10/m/m.0/attn/Split: Feature splitter vertex /model.10/m/m.0/attn/Split is splitting input over unsupported axis 2
Please try to parse the model again, using these end node names: /model.23/Concat_4, /model.10/cv1/act/Mul
2024-11-08 13:10:06,269 - INFO - parser.py:96 - Translation started on ONNX model yolov8n-pose
2024-11-08 13:10:06,326 - INFO - parser.py:124 - Restored ONNX model yolov8n-pose (completion time: 00:00:00.06)
2024-11-08 13:10:06,361 - INFO - parser.py:147 - Extracted ONNXRuntime meta-data for Hailo model (completion time: 00:00:00.09)
2024-11-08 13:10:06,601 - WARNING - parser.py:235 - ONNX shape inference failed: [ONNXRuntimeError] : 2 : INVALID_ARGUMENT : Failed to load model with error: /onnxruntime_src/onnxruntime/core/graph/model.cc:147 onnxruntime::Model::Model(onnx::ModelProto&&, const PathString&, const IOnnxRuntimeOpSchemaRegistryList*, const onnxruntime::logging::Logger&, const onnxruntime::ModelOptions&) Unsupported model IR version: 9, max supported IR version: 8

2024-11-08 13:10:06,818 - INFO - translator.py:71 - Unable to export parsing report: output
2024-11-08 13:10:06,824 - INFO - parser.py:194 - Unable to simplify the model: Parsing failed. The errors found in the graph are:
 UnsupportedShuffleLayerError in op /model.22/Reshape_6: Failed to determine type of layer to create in node /model.22/Reshape_6
 UnsupportedShuffleLayerError in op /model.22/dfl/Reshape: Failed to determine type of layer to create in node /model.22/dfl/Reshape
 UnsupportedShuffleLayerError in op /model.22/dfl/Transpose: Failed to determine type of layer to create in node /model.22/dfl/Transpose
 UnsupportedShuffleLayerError in op /model.22/Reshape_7: Failed to determine type of layer to create in node /model.22/Reshape_7
 UnsupportedShuffleLayerError in op /model.22/dfl/Reshape_1: Failed to determine type of layer to create in node /model.22/dfl/Reshape_1
Please try to parse the model again, using these end node names: /model.22/Concat_4
2024-11-08 13:15:15,021 - INFO - parser.py:96 - Translation started on ONNX model yolov8n-pose
2024-11-08 13:15:15,083 - INFO - parser.py:124 - Restored ONNX model yolov8n-pose (completion time: 00:00:00.06)
2024-11-08 13:15:15,120 - INFO - parser.py:147 - Extracted ONNXRuntime meta-data for Hailo model (completion time: 00:00:00.10)
2024-11-08 13:15:15,368 - WARNING - parser.py:235 - ONNX shape inference failed: [ONNXRuntimeError] : 2 : INVALID_ARGUMENT : Failed to load model with error: /onnxruntime_src/onnxruntime/core/graph/model.cc:147 onnxruntime::Model::Model(onnx::ModelProto&&, const PathString&, const IOnnxRuntimeOpSchemaRegistryList*, const onnxruntime::logging::Logger&, const onnxruntime::ModelOptions&) Unsupported model IR version: 9, max supported IR version: 8

2024-11-08 13:15:15,609 - INFO - translator.py:71 - Unable to export parsing report: output
2024-11-08 13:15:15,615 - INFO - parser.py:194 - Unable to simplify the model: Parsing failed. The errors found in the graph are:
 UnsupportedShuffleLayerError in op /model.22/Reshape_6: Failed to determine type of layer to create in node /model.22/Reshape_6
 UnsupportedShuffleLayerError in op /model.22/dfl/Reshape: Failed to determine type of layer to create in node /model.22/dfl/Reshape
 UnsupportedShuffleLayerError in op /model.22/dfl/Transpose: Failed to determine type of layer to create in node /model.22/dfl/Transpose
 UnsupportedShuffleLayerError in op /model.22/Reshape_7: Failed to determine type of layer to create in node /model.22/Reshape_7
 UnsupportedShuffleLayerError in op /model.22/dfl/Reshape_1: Failed to determine type of layer to create in node /model.22/dfl/Reshape_1
Please try to parse the model again, using these end node names: /model.22/Concat_4
2024-11-08 14:50:05,674 - INFO - parser.py:96 - Translation started on ONNX model yolov8n-pose
2024-11-08 14:50:05,730 - INFO - parser.py:124 - Restored ONNX model yolov8n-pose (completion time: 00:00:00.06)
2024-11-08 14:50:05,769 - INFO - parser.py:147 - Extracted ONNXRuntime meta-data for Hailo model (completion time: 00:00:00.10)
2024-11-08 14:50:06,024 - WARNING - parser.py:235 - ONNX shape inference failed: [ONNXRuntimeError] : 2 : INVALID_ARGUMENT : Failed to load model with error: /onnxruntime_src/onnxruntime/core/graph/model.cc:147 onnxruntime::Model::Model(onnx::ModelProto&&, const PathString&, const IOnnxRuntimeOpSchemaRegistryList*, const onnxruntime::logging::Logger&, const onnxruntime::ModelOptions&) Unsupported model IR version: 9, max supported IR version: 8

2024-11-08 14:50:06,233 - INFO - translator.py:71 - Unable to export parsing report: output
2024-11-08 14:50:06,238 - INFO - parser.py:194 - Unable to simplify the model: Parsing failed. The errors found in the graph are:
 UnsupportedShuffleLayerError in op /model.22/Reshape_6: Failed to determine type of layer to create in node /model.22/Reshape_6
 UnsupportedShuffleLayerError in op /model.22/dfl/Reshape: Failed to determine type of layer to create in node /model.22/dfl/Reshape
 UnsupportedShuffleLayerError in op /model.22/dfl/Transpose: Failed to determine type of layer to create in node /model.22/dfl/Transpose
 UnsupportedShuffleLayerError in op /model.22/dfl/Reshape_1: Failed to determine type of layer to create in node /model.22/dfl/Reshape_1
Please try to parse the model again, using these end node names: /model.22/Concat_4
2024-11-08 14:50:38,849 - INFO - parser.py:96 - Translation started on ONNX model yolov8n-pose
2024-11-08 14:50:38,904 - INFO - parser.py:124 - Restored ONNX model yolov8n-pose (completion time: 00:00:00.06)
2024-11-08 14:50:38,943 - INFO - parser.py:147 - Extracted ONNXRuntime meta-data for Hailo model (completion time: 00:00:00.09)
2024-11-08 14:50:39,162 - WARNING - parser.py:235 - ONNX shape inference failed: [ONNXRuntimeError] : 2 : INVALID_ARGUMENT : Failed to load model with error: /onnxruntime_src/onnxruntime/core/graph/model.cc:147 onnxruntime::Model::Model(onnx::ModelProto&&, const PathString&, const IOnnxRuntimeOpSchemaRegistryList*, const onnxruntime::logging::Logger&, const onnxruntime::ModelOptions&) Unsupported model IR version: 9, max supported IR version: 8

2024-11-08 14:50:39,518 - INFO - parser.py:269 - Start nodes mapped from original model: 'images': 'yolov8n-pose/input_layer1'.
2024-11-08 14:50:39,518 - INFO - parser.py:270 - End nodes mapped from original model: '/model.22/Concat', '/model.22/Concat_4'.
2024-11-08 14:50:39,572 - INFO - translator.py:71 - Unable to export parsing report: output
2024-11-08 14:50:39,572 - INFO - parser.py:217 - Translation completed on ONNX model yolov8n-pose (completion time: 00:00:00.72)
2024-11-08 14:50:41,782 - IMPORTANT - sdk_backend.py:897 - Starting Model Optimization
2024-11-08 14:51:34,361 - IMPORTANT - sdk_backend.py:915 - Model Optimization is done
2024-11-08 14:51:44,929 - ERROR - hailo_tools_runner.py:432 - Failed to produce compiled graph
2024-11-08 14:51:45,076 - ERROR - hailo_tools_runner.py:221 - BackendAllocatorException: Compilation failed: No successful assignment for: format_conversion2_defuse_reshape_hxf_to_w_transposed, format_conversion2_defuse_width_feature_reshape, concat18, concat17
2024-11-08 14:51:45,077 - COMMAND - hailo_tools_runner.py:222 - Traceback (most recent call last):
  File "parsing_har.py", line 22, in <module>
    hef = runner.compile()
  File "/home/r300/miniconda3/envs/data-compiler/lib/python3.8/site-packages/hailo_sdk_client/runner/client_runner.py", line 715, in compile
    return self._compile()
  File "/home/r300/miniconda3/envs/data-compiler/lib/python3.8/site-packages/hailo_sdk_common/states/states.py", line 16, in wrapped_func
    return func(self, *args, **kwargs)
  File "/home/r300/miniconda3/envs/data-compiler/lib/python3.8/site-packages/hailo_sdk_client/runner/client_runner.py", line 832, in _compile
    serialized_hef = self._sdk_backend.compile(fps, self.model_script, mapping_timeout)
  File "/home/r300/miniconda3/envs/data-compiler/lib/python3.8/site-packages/hailo_sdk_client/sdk_backend/sdk_backend.py", line 1440, in compile
    hef, mapped_graph_file = self._compile(fps, allocator_script, mapping_timeout)
  File "/home/r300/miniconda3/envs/data-compiler/lib/python3.8/site-packages/hailo_sdk_client/sdk_backend/sdk_backend.py", line 1434, in _compile
    hef, mapped_graph_file, auto_alls = self.hef_full_build(fps, mapping_timeout, model_params, allocator_script)
  File "/home/r300/miniconda3/envs/data-compiler/lib/python3.8/site-packages/hailo_sdk_client/sdk_backend/sdk_backend.py", line 1408, in hef_full_build
    auto_alls, self._mapped_graph, self._integrated_graph = allocator.create_mapping_and_full_build_hef(
  File "/home/r300/miniconda3/envs/data-compiler/lib/python3.8/site-packages/hailo_sdk_client/allocator/hailo_tools_runner.py", line 598, in create_mapping_and_full_build_hef
    self.call_builder(network_graph_path, output_path, compilation_output_proto=compilation_output_proto,
  File "/home/r300/miniconda3/envs/data-compiler/lib/python3.8/site-packages/hailo_sdk_client/allocator/hailo_tools_runner.py", line 556, in call_builder
    self.run_builder(network_graph_path, output_path, **kwargs)
  File "/home/r300/miniconda3/envs/data-compiler/lib/python3.8/site-packages/hailo_sdk_client/allocator/hailo_tools_runner.py", line 420, in run_builder
    raise e.internal_exception("Compilation failed:", hailo_tools_error=compiler_msg) from None
hailo_sdk_client.sdk_backend.sdk_backend_exceptions.BackendAllocatorException: Compilation failed: No successful assignment for: format_conversion2_defuse_reshape_hxf_to_w_transposed, format_conversion2_defuse_width_feature_reshape, concat18, concat17

2024-11-08 14:55:08,131 - INFO - parser.py:96 - Translation started on ONNX model yolov8n-pose
2024-11-08 14:55:08,186 - INFO - parser.py:124 - Restored ONNX model yolov8n-pose (completion time: 00:00:00.06)
2024-11-08 14:55:08,220 - INFO - parser.py:147 - Extracted ONNXRuntime meta-data for Hailo model (completion time: 00:00:00.09)
2024-11-08 14:55:08,443 - WARNING - parser.py:235 - ONNX shape inference failed: [ONNXRuntimeError] : 2 : INVALID_ARGUMENT : Failed to load model with error: /onnxruntime_src/onnxruntime/core/graph/model.cc:147 onnxruntime::Model::Model(onnx::ModelProto&&, const PathString&, const IOnnxRuntimeOpSchemaRegistryList*, const onnxruntime::logging::Logger&, const onnxruntime::ModelOptions&) Unsupported model IR version: 9, max supported IR version: 8

2024-11-08 14:55:08,796 - INFO - parser.py:269 - Start nodes mapped from original model: 'images': 'yolov8n-pose/input_layer1'.
2024-11-08 14:55:08,796 - INFO - parser.py:270 - End nodes mapped from original model: '/model.22/Concat', '/model.22/Concat_4'.
2024-11-08 14:55:08,850 - INFO - translator.py:71 - Unable to export parsing report: output
2024-11-08 14:55:08,850 - INFO - parser.py:217 - Translation completed on ONNX model yolov8n-pose (completion time: 00:00:00.72)
2024-11-08 14:55:11,056 - IMPORTANT - sdk_backend.py:897 - Starting Model Optimization
2024-11-08 14:56:03,687 - IMPORTANT - sdk_backend.py:915 - Model Optimization is done
2024-11-08 14:56:14,315 - ERROR - hailo_tools_runner.py:432 - Failed to produce compiled graph
2024-11-08 14:56:14,481 - ERROR - hailo_tools_runner.py:221 - BackendAllocatorException: Compilation failed: No successful assignment for: format_conversion2_defuse_reshape_hxf_to_w_transposed, format_conversion2_defuse_width_feature_reshape, concat18, concat17
2024-11-08 14:56:14,483 - COMMAND - hailo_tools_runner.py:222 - Traceback (most recent call last):
  File "parsing_har.py", line 22, in <module>
    hef = runner.compile()
  File "/home/r300/miniconda3/envs/data-compiler/lib/python3.8/site-packages/hailo_sdk_client/runner/client_runner.py", line 715, in compile
    return self._compile()
  File "/home/r300/miniconda3/envs/data-compiler/lib/python3.8/site-packages/hailo_sdk_common/states/states.py", line 16, in wrapped_func
    return func(self, *args, **kwargs)
  File "/home/r300/miniconda3/envs/data-compiler/lib/python3.8/site-packages/hailo_sdk_client/runner/client_runner.py", line 832, in _compile
    serialized_hef = self._sdk_backend.compile(fps, self.model_script, mapping_timeout)
  File "/home/r300/miniconda3/envs/data-compiler/lib/python3.8/site-packages/hailo_sdk_client/sdk_backend/sdk_backend.py", line 1440, in compile
    hef, mapped_graph_file = self._compile(fps, allocator_script, mapping_timeout)
  File "/home/r300/miniconda3/envs/data-compiler/lib/python3.8/site-packages/hailo_sdk_client/sdk_backend/sdk_backend.py", line 1434, in _compile
    hef, mapped_graph_file, auto_alls = self.hef_full_build(fps, mapping_timeout, model_params, allocator_script)
  File "/home/r300/miniconda3/envs/data-compiler/lib/python3.8/site-packages/hailo_sdk_client/sdk_backend/sdk_backend.py", line 1408, in hef_full_build
    auto_alls, self._mapped_graph, self._integrated_graph = allocator.create_mapping_and_full_build_hef(
  File "/home/r300/miniconda3/envs/data-compiler/lib/python3.8/site-packages/hailo_sdk_client/allocator/hailo_tools_runner.py", line 598, in create_mapping_and_full_build_hef
    self.call_builder(network_graph_path, output_path, compilation_output_proto=compilation_output_proto,
  File "/home/r300/miniconda3/envs/data-compiler/lib/python3.8/site-packages/hailo_sdk_client/allocator/hailo_tools_runner.py", line 556, in call_builder
    self.run_builder(network_graph_path, output_path, **kwargs)
  File "/home/r300/miniconda3/envs/data-compiler/lib/python3.8/site-packages/hailo_sdk_client/allocator/hailo_tools_runner.py", line 420, in run_builder
    raise e.internal_exception("Compilation failed:", hailo_tools_error=compiler_msg) from None
hailo_sdk_client.sdk_backend.sdk_backend_exceptions.BackendAllocatorException: Compilation failed: No successful assignment for: format_conversion2_defuse_reshape_hxf_to_w_transposed, format_conversion2_defuse_width_feature_reshape, concat18, concat17

2024-11-08 15:03:22,312 - INFO - parser.py:96 - Translation started on ONNX model yolov8n-pose
2024-11-08 15:03:22,368 - INFO - parser.py:124 - Restored ONNX model yolov8n-pose (completion time: 00:00:00.06)
2024-11-08 15:03:22,402 - INFO - parser.py:147 - Extracted ONNXRuntime meta-data for Hailo model (completion time: 00:00:00.09)
2024-11-08 15:03:22,645 - WARNING - parser.py:235 - ONNX shape inference failed: [ONNXRuntimeError] : 2 : INVALID_ARGUMENT : Failed to load model with error: /onnxruntime_src/onnxruntime/core/graph/model.cc:147 onnxruntime::Model::Model(onnx::ModelProto&&, const PathString&, const IOnnxRuntimeOpSchemaRegistryList*, const onnxruntime::logging::Logger&, const onnxruntime::ModelOptions&) Unsupported model IR version: 9, max supported IR version: 8

2024-11-08 15:03:22,999 - INFO - parser.py:269 - Start nodes mapped from original model: 'images': 'yolov8n-pose/input_layer1'.
2024-11-08 15:03:23,000 - INFO - parser.py:270 - End nodes mapped from original model: '/model.22/Concat', '/model.22/Concat_4'.
2024-11-08 15:03:23,054 - INFO - translator.py:71 - Unable to export parsing report: output
2024-11-08 15:03:23,054 - INFO - parser.py:217 - Translation completed on ONNX model yolov8n-pose (completion time: 00:00:00.74)
2024-11-08 15:03:25,276 - IMPORTANT - sdk_backend.py:897 - Starting Model Optimization
2024-11-08 15:03:54,380 - INFO - parser.py:96 - Translation started on ONNX model yolov8m-pose
2024-11-08 15:03:54,788 - INFO - parser.py:124 - Restored ONNX model yolov8m-pose (completion time: 00:00:00.41)
2024-11-08 15:03:55,050 - INFO - parser.py:147 - Extracted ONNXRuntime meta-data for Hailo model (completion time: 00:00:00.67)
2024-11-08 15:03:55,521 - WARNING - parser.py:235 - ONNX shape inference failed: [ONNXRuntimeError] : 2 : INVALID_ARGUMENT : Failed to load model with error: /onnxruntime_src/onnxruntime/core/graph/model.cc:147 onnxruntime::Model::Model(onnx::ModelProto&&, const PathString&, const IOnnxRuntimeOpSchemaRegistryList*, const onnxruntime::logging::Logger&, const onnxruntime::ModelOptions&) Unsupported model IR version: 9, max supported IR version: 8

2024-11-08 15:03:56,042 - INFO - parser.py:269 - Start nodes mapped from original model: 'images': 'yolov8m-pose/input_layer1'.
2024-11-08 15:03:56,043 - INFO - parser.py:270 - End nodes mapped from original model: '/model.22/Concat', '/model.22/Concat_4'.
2024-11-08 15:03:56,110 - INFO - translator.py:71 - Unable to export parsing report: output
2024-11-08 15:03:56,110 - INFO - parser.py:217 - Translation completed on ONNX model yolov8m-pose (completion time: 00:00:01.73)
2024-11-08 15:03:58,686 - IMPORTANT - sdk_backend.py:897 - Starting Model Optimization
2024-11-08 15:05:26,390 - IMPORTANT - sdk_backend.py:915 - Model Optimization is done
2024-11-08 15:06:30,529 - ERROR - hailo_tools_runner.py:432 - Failed to produce compiled graph
2024-11-08 15:06:30,756 - ERROR - hailo_tools_runner.py:221 - BackendAllocatorException: Compilation failed: No successful assignment for: format_conversion2_defuse_reshape_hxf_to_w_transposed, format_conversion2_defuse_width_feature_reshape, concat18, concat17
2024-11-08 15:06:30,757 - COMMAND - hailo_tools_runner.py:222 - Traceback (most recent call last):
  File "parsing_har.py", line 22, in <module>
    hef = runner.compile()
  File "/home/r300/miniconda3/envs/data-compiler/lib/python3.8/site-packages/hailo_sdk_client/runner/client_runner.py", line 715, in compile
    return self._compile()
  File "/home/r300/miniconda3/envs/data-compiler/lib/python3.8/site-packages/hailo_sdk_common/states/states.py", line 16, in wrapped_func
    return func(self, *args, **kwargs)
  File "/home/r300/miniconda3/envs/data-compiler/lib/python3.8/site-packages/hailo_sdk_client/runner/client_runner.py", line 832, in _compile
    serialized_hef = self._sdk_backend.compile(fps, self.model_script, mapping_timeout)
  File "/home/r300/miniconda3/envs/data-compiler/lib/python3.8/site-packages/hailo_sdk_client/sdk_backend/sdk_backend.py", line 1440, in compile
    hef, mapped_graph_file = self._compile(fps, allocator_script, mapping_timeout)
  File "/home/r300/miniconda3/envs/data-compiler/lib/python3.8/site-packages/hailo_sdk_client/sdk_backend/sdk_backend.py", line 1434, in _compile
    hef, mapped_graph_file, auto_alls = self.hef_full_build(fps, mapping_timeout, model_params, allocator_script)
  File "/home/r300/miniconda3/envs/data-compiler/lib/python3.8/site-packages/hailo_sdk_client/sdk_backend/sdk_backend.py", line 1408, in hef_full_build
    auto_alls, self._mapped_graph, self._integrated_graph = allocator.create_mapping_and_full_build_hef(
  File "/home/r300/miniconda3/envs/data-compiler/lib/python3.8/site-packages/hailo_sdk_client/allocator/hailo_tools_runner.py", line 598, in create_mapping_and_full_build_hef
    self.call_builder(network_graph_path, output_path, compilation_output_proto=compilation_output_proto,
  File "/home/r300/miniconda3/envs/data-compiler/lib/python3.8/site-packages/hailo_sdk_client/allocator/hailo_tools_runner.py", line 556, in call_builder
    self.run_builder(network_graph_path, output_path, **kwargs)
  File "/home/r300/miniconda3/envs/data-compiler/lib/python3.8/site-packages/hailo_sdk_client/allocator/hailo_tools_runner.py", line 420, in run_builder
    raise e.internal_exception("Compilation failed:", hailo_tools_error=compiler_msg) from None
hailo_sdk_client.sdk_backend.sdk_backend_exceptions.BackendAllocatorException: Compilation failed: No successful assignment for: format_conversion2_defuse_reshape_hxf_to_w_transposed, format_conversion2_defuse_width_feature_reshape, concat18, concat17

2024-11-08 15:14:02,417 - INFO - parser.py:96 - Translation started on ONNX model yolov8m-pose
2024-11-08 15:14:02,820 - INFO - parser.py:124 - Restored ONNX model yolov8m-pose (completion time: 00:00:00.40)
2024-11-08 15:14:03,083 - INFO - parser.py:147 - Extracted ONNXRuntime meta-data for Hailo model (completion time: 00:00:00.67)
2024-11-08 15:14:03,531 - WARNING - parser.py:235 - ONNX shape inference failed: [ONNXRuntimeError] : 2 : INVALID_ARGUMENT : Failed to load model with error: /onnxruntime_src/onnxruntime/core/graph/model.cc:147 onnxruntime::Model::Model(onnx::ModelProto&&, const PathString&, const IOnnxRuntimeOpSchemaRegistryList*, const onnxruntime::logging::Logger&, const onnxruntime::ModelOptions&) Unsupported model IR version: 9, max supported IR version: 8

2024-11-08 15:14:04,036 - INFO - parser.py:269 - Start nodes mapped from original model: 'images': 'yolov8m-pose/input_layer1'.
2024-11-08 15:14:04,036 - INFO - parser.py:270 - End nodes mapped from original model: '/model.22/Concat', '/model.22/Concat_4'.
2024-11-08 15:14:04,103 - INFO - translator.py:71 - Unable to export parsing report: output
2024-11-08 15:14:04,103 - INFO - parser.py:217 - Translation completed on ONNX model yolov8m-pose (completion time: 00:00:01.69)
2024-11-08 15:18:33,813 - INFO - parser.py:96 - Translation started on ONNX model yolov8m-pose
2024-11-08 15:18:34,218 - INFO - parser.py:124 - Restored ONNX model yolov8m-pose (completion time: 00:00:00.40)
2024-11-08 15:18:34,486 - INFO - parser.py:147 - Extracted ONNXRuntime meta-data for Hailo model (completion time: 00:00:00.67)
2024-11-08 15:18:34,906 - WARNING - parser.py:235 - ONNX shape inference failed: [ONNXRuntimeError] : 2 : INVALID_ARGUMENT : Failed to load model with error: /onnxruntime_src/onnxruntime/core/graph/model.cc:147 onnxruntime::Model::Model(onnx::ModelProto&&, const PathString&, const IOnnxRuntimeOpSchemaRegistryList*, const onnxruntime::logging::Logger&, const onnxruntime::ModelOptions&) Unsupported model IR version: 9, max supported IR version: 8

2024-11-08 15:18:35,266 - INFO - parser.py:269 - Start nodes mapped from original model: 'images': 'yolov8m-pose/input_layer1'.
2024-11-08 15:18:35,266 - INFO - parser.py:270 - End nodes mapped from original model: '/model.9/cv2/act/Mul', '/model.12/cv2/act/Mul', '/model.15/cv2/act/Mul'.
2024-11-08 15:18:35,309 - INFO - translator.py:71 - Unable to export parsing report: output
2024-11-08 15:18:35,309 - INFO - parser.py:217 - Translation completed on ONNX model yolov8m-pose (completion time: 00:00:01.50)
2024-11-08 15:18:37,148 - IMPORTANT - sdk_backend.py:897 - Starting Model Optimization
2024-11-08 15:19:33,917 - IMPORTANT - sdk_backend.py:915 - Model Optimization is done
2024-11-08 15:23:24,975 - INFO - client_runner.py:1442 - Saved HAR to: /home/r300/Documents/Github/ITRI-AI-Hub/Model-Zoo/Keypoint-Detection/YOLOs/HailoRT/yolov8m-pose.har
2024-11-08 15:23:28,629 - INFO - main.py:32 - Current Time: 15:23:28, 11/08/24
2024-11-08 15:23:29,669 - INFO - main.py:36 - CPU: Architecture: x86_64, Model: Intel(R) Core(TM) i9-10900TE CPU @ 1.80GHz, Number Of Cores: 20, Utilization: 0.3%
2024-11-08 15:23:29,670 - INFO - main.py:38 - Memory: Total: 62GB, Available: 52GB
2024-11-08 15:23:29,670 - INFO - main.py:40 - System info: OS: Linux, Kernel: 5.15.0-124-generic
2024-11-08 15:23:29,671 - INFO - main.py:41 - Hailo DFC Version: 3.27.0
2024-11-08 15:23:29,672 - INFO - main.py:46 - HailoRT Version: 4.17.0
2024-11-08 15:23:29,720 - INFO - main.py:65 - PCIe: 03:00.0: Number Of Lanes: 1, Speed: 8.0 GT/s PCIe
2024-11-08 15:23:29,720 - INFO - main.py:73 - Running `hailo profiler yolov8m-pose.har`
2024-11-08 15:23:33,141 - INFO - client_runner.py:1103 - Running profile for yolov8m-pose in state compiled_model
2024-11-08 15:23:34,007 - INFO - estimator.py:1543 - 
Model Details
--------------------------------  -----------
Input Tensors Shapes              640x640x3
Operations per Input Tensor       51.48 GOPs
Operations per Input Tensor       25.78 GMACs
Pure Operations per Input Tensor  51.48 GOPs
Pure Operations per Input Tensor  25.78 GMACs
Model Parameters                  14.65 M
--------------------------------  -----------

Profiler Input Settings
-----------------  -----------------
Optimization Goal  Reach Highest FPS
Profiler Mode      Compiled
-----------------  -----------------

Performance Summary
----------------------  --------------------
Number of Devices       1
Number of Contexts      1
Throughput              240.73 FPS
Latency                 11.26 ms
Operations per Second   12393.78 GOP/s
MACs per Second         6206.27 GMAC/s
Total Input Bandwidth   564.22 Megabytes/sec
Total Output Bandwidth  758.17 Megabytes/sec
Context Switch Configs  N/A
----------------------  --------------------
2024-11-08 15:23:34,435 - INFO - profiler.py:59 - Saved Profiler HTML Report to: /home/r300/Documents/Github/ITRI-AI-Hub/Model-Zoo/Keypoint-Detection/YOLOs/HailoRT/yolov8m-pose_compiled_model.html
2024-11-08 15:36:31,379 - INFO - parser.py:96 - Translation started on ONNX model yolov8m-pose
2024-11-08 15:36:31,783 - INFO - parser.py:124 - Restored ONNX model yolov8m-pose (completion time: 00:00:00.40)
2024-11-08 15:36:32,051 - INFO - parser.py:147 - Extracted ONNXRuntime meta-data for Hailo model (completion time: 00:00:00.67)
2024-11-08 15:36:32,491 - WARNING - parser.py:235 - ONNX shape inference failed: [ONNXRuntimeError] : 2 : INVALID_ARGUMENT : Failed to load model with error: /onnxruntime_src/onnxruntime/core/graph/model.cc:147 onnxruntime::Model::Model(onnx::ModelProto&&, const PathString&, const IOnnxRuntimeOpSchemaRegistryList*, const onnxruntime::logging::Logger&, const onnxruntime::ModelOptions&) Unsupported model IR version: 9, max supported IR version: 8

2024-11-08 15:36:32,989 - INFO - parser.py:269 - Start nodes mapped from original model: 'images': 'yolov8m-pose/input_layer1'.
2024-11-08 15:36:32,990 - INFO - parser.py:270 - End nodes mapped from original model: '/model.22/cv4.1/cv4.1.2/Conv', '/model.22/cv4.2/cv4.2.2/Conv', '/model.22/cv3.2/cv3.2.2/Conv', '/model.22/cv2.2/cv2.2.2/Conv', '/model.22/cv4.0/cv4.0.2/Conv', '/model.22/cv2.1/cv2.1.2/Conv', '/model.22/cv3.1/cv3.1.2/Conv', '/model.22/cv2.0/cv2.0.2/Conv', '/model.22/cv3.0/cv3.0.2/Conv'.
2024-11-08 15:36:33,057 - INFO - translator.py:71 - Unable to export parsing report: output
2024-11-08 15:36:33,057 - INFO - parser.py:217 - Translation completed on ONNX model yolov8m-pose (completion time: 00:00:01.68)
2024-11-08 15:36:35,595 - IMPORTANT - sdk_backend.py:897 - Starting Model Optimization
2024-11-08 15:38:00,231 - IMPORTANT - sdk_backend.py:915 - Model Optimization is done
2024-11-08 15:42:38,268 - INFO - parser.py:96 - Translation started on ONNX model yolov8m-pose
2024-11-08 15:42:38,669 - INFO - parser.py:124 - Restored ONNX model yolov8m-pose (completion time: 00:00:00.40)
2024-11-08 15:42:38,945 - INFO - parser.py:147 - Extracted ONNXRuntime meta-data for Hailo model (completion time: 00:00:00.68)
2024-11-08 15:42:39,395 - WARNING - parser.py:235 - ONNX shape inference failed: [ONNXRuntimeError] : 2 : INVALID_ARGUMENT : Failed to load model with error: /onnxruntime_src/onnxruntime/core/graph/model.cc:147 onnxruntime::Model::Model(onnx::ModelProto&&, const PathString&, const IOnnxRuntimeOpSchemaRegistryList*, const onnxruntime::logging::Logger&, const onnxruntime::ModelOptions&) Unsupported model IR version: 9, max supported IR version: 8

2024-11-08 15:42:39,892 - INFO - parser.py:269 - Start nodes mapped from original model: 'images': 'yolov8m-pose/input_layer1'.
2024-11-08 15:42:39,892 - INFO - parser.py:270 - End nodes mapped from original model: '/model.22/cv4.1/cv4.1.2/Conv', '/model.22/cv4.2/cv4.2.2/Conv', '/model.22/cv3.2/cv3.2.2/Conv', '/model.22/cv2.2/cv2.2.2/Conv', '/model.22/cv4.0/cv4.0.2/Conv', '/model.22/cv2.1/cv2.1.2/Conv', '/model.22/cv3.1/cv3.1.2/Conv', '/model.22/cv2.0/cv2.0.2/Conv', '/model.22/cv3.0/cv3.0.2/Conv'.
2024-11-08 15:42:39,959 - INFO - translator.py:71 - Unable to export parsing report: output
2024-11-08 15:42:39,959 - INFO - parser.py:217 - Translation completed on ONNX model yolov8m-pose (completion time: 00:00:01.69)
2024-11-08 15:42:42,464 - IMPORTANT - sdk_backend.py:897 - Starting Model Optimization
2024-11-08 15:44:09,379 - IMPORTANT - sdk_backend.py:915 - Model Optimization is done
2024-11-08 16:14:45,556 - INFO - client_runner.py:1442 - Saved HAR to: /home/r300/Documents/Github/ITRI-AI-Hub/Model-Zoo/Keypoint-Detection/YOLOs/HailoRT/yolov8m-pose.har
2024-11-08 16:14:49,203 - INFO - main.py:32 - Current Time: 16:14:49, 11/08/24
2024-11-08 16:14:50,245 - INFO - main.py:36 - CPU: Architecture: x86_64, Model: Intel(R) Core(TM) i9-10900TE CPU @ 1.80GHz, Number Of Cores: 20, Utilization: 2.7%
2024-11-08 16:14:50,245 - INFO - main.py:38 - Memory: Total: 62GB, Available: 47GB
2024-11-08 16:14:50,245 - INFO - main.py:40 - System info: OS: Linux, Kernel: 5.15.0-124-generic
2024-11-08 16:14:50,246 - INFO - main.py:41 - Hailo DFC Version: 3.27.0
2024-11-08 16:14:50,246 - INFO - main.py:46 - HailoRT Version: 4.17.0
2024-11-08 16:14:50,300 - INFO - main.py:65 - PCIe: 03:00.0: Number Of Lanes: 1, Speed: 8.0 GT/s PCIe
2024-11-08 16:14:50,300 - INFO - main.py:73 - Running `hailo profiler yolov8m-pose.har`
2024-11-08 16:14:55,997 - INFO - client_runner.py:1103 - Running profile for yolov8m-pose in state compiled_model
2024-11-08 16:14:57,424 - INFO - estimator.py:1543 - 
Model Details
--------------------------------  -----------
Input Tensors Shapes              640x640x3
Operations per Input Tensor       81.03 GOPs
Operations per Input Tensor       40.56 GMACs
Pure Operations per Input Tensor  81.03 GOPs
Pure Operations per Input Tensor  40.56 GMACs
Model Parameters                  32.76 M
--------------------------------  -----------

Profiler Input Settings
-----------------  -----------------
Optimization Goal  Reach Highest FPS
Profiler Mode      Compiled
-----------------  -----------------

Performance Summary
----------------------  ---
Number of Devices       1
Number of Contexts      3
Throughput              N/A
Latency                 N/A
Operations per Second   N/A
MACs per Second         N/A
Total Input Bandwidth   N/A
Total Output Bandwidth  N/A
Context Switch Configs  N/A
----------------------  ---
2024-11-08 16:14:57,988 - INFO - profiler.py:59 - Saved Profiler HTML Report to: /home/r300/Documents/Github/ITRI-AI-Hub/Model-Zoo/Keypoint-Detection/YOLOs/HailoRT/yolov8m-pose_compiled_model.html
